\BOOKMARK [0][-]{chapter.1}{Introduction}{}% 1
\BOOKMARK [1][-]{section.1.1}{The IETF}{chapter.1}% 2
\BOOKMARK [1][-]{section.1.2}{RFCs}{chapter.1}% 3
\BOOKMARK [1][-]{section.1.3}{The lifecycle of an internet draft}{chapter.1}% 4
\BOOKMARK [0][-]{chapter.2}{Groups within the IETF}{}% 5
\BOOKMARK [1][-]{section.2.1}{Internet engineering steering group}{chapter.2}% 6
\BOOKMARK [1][-]{section.2.2}{Internet research task force}{chapter.2}% 7
\BOOKMARK [1][-]{section.2.3}{Tools team}{chapter.2}% 8
\BOOKMARK [1][-]{section.2.4}{Internet Architecture Board}{chapter.2}% 9
\BOOKMARK [1][-]{section.2.5}{Directorates}{chapter.2}% 10
\BOOKMARK [0][-]{chapter.3}{A full-text database}{}% 11
\BOOKMARK [1][-]{section.3.1}{The email structure}{chapter.3}% 12
\BOOKMARK [0][-]{chapter.4}{Roadmap}{}% 13
\BOOKMARK [1][-]{section.4.1}{Step 1}{chapter.4}% 14
\BOOKMARK [1][-]{section.4.2}{Step 2}{chapter.4}% 15
\BOOKMARK [1][-]{section.4.3}{Step 3}{chapter.4}% 16
\BOOKMARK [0][-]{chapter.5}{The toolbox}{}% 17
\BOOKMARK [1][-]{section.5.1}{Similarity}{chapter.5}% 18
\BOOKMARK [1][-]{section.5.2}{Topic modelling}{chapter.5}% 19
\BOOKMARK [1][-]{section.5.3}{Argumentation mining}{chapter.5}% 20
\BOOKMARK [1][-]{section.5.4}{The role of ML in this project}{chapter.5}% 21
\BOOKMARK [0][-]{chapter.6}{Machine learning, how to apply it}{}% 22
\BOOKMARK [0][-]{chapter.7}{chapter 3 }{}% 23
\BOOKMARK [0][-]{chapter.8}{Preparations}{}% 24
\BOOKMARK [1][-]{section.8.1}{Wget flags}{chapter.8}% 25
\BOOKMARK [1][-]{section.8.2}{Solr}{chapter.8}% 26
\BOOKMARK [0][-]{chapter.9}{Parsing}{}% 27
\BOOKMARK [1][-]{subsection.9.0.1}{Parsing the content}{chapter.9}% 28
\BOOKMARK [2][-]{subsection.9.0.2}{Attachemnts}{subsection.9.0.1}% 29
\BOOKMARK [1][-]{section.9.1}{The parser}{chapter.9}% 30
\BOOKMARK [2][-]{subsection.9.1.1}{parser outline}{section.9.1}% 31
\BOOKMARK [2][-]{subsection.9.1.2}{UnicodeEncodeError}{section.9.1}% 32
\BOOKMARK [2][-]{subsection.9.1.3}{Flaws with the parsing}{section.9.1}% 33
\BOOKMARK [2][-]{subsection.9.1.4}{Solr schema}{section.9.1}% 34
\BOOKMARK [1][-]{section.9.2}{Statistics}{chapter.9}% 35
\BOOKMARK [0][-]{chapter.10}{Designing a full text database}{}% 36
\BOOKMARK [1][-]{section.10.1}{The Document format}{chapter.10}% 37
\BOOKMARK [1][-]{section.10.2}{Tokenizers}{chapter.10}% 38
\BOOKMARK [1][-]{section.10.3}{Can the python email module be used ?}{chapter.10}% 39
\BOOKMARK [1][-]{section.10.4}{Mbox format}{chapter.10}% 40
\BOOKMARK [1][-]{section.10.5}{Error detection}{chapter.10}% 41
\BOOKMARK [1][-]{section.10.6}{Error correction}{chapter.10}% 42
\BOOKMARK [1][-]{section.10.7}{The error report}{chapter.10}% 43
